<?xml version="1.0" encoding="UTF-8"?>
<!-- Generated by org.testng.reporters.JUnitReportReporter -->
<testsuite hostname="DESKTOP-NPGE3DT" failures="0" tests="3" name="mavendemo.Dependents" time="0.009" errors="0" timestamp="2024-06-09T10:19:55 EDT" skipped="0">
  <testcase classname="mavendemo.Dependents" name="mymethodtwo" time="0.003"/>
  <system-out/>
  <testcase classname="mavendemo.Dependents" name="mymethodthree" time="0.002"/>
  <system-out/>
  <testcase classname="mavendemo.Dependents" name="mymethodone" time="0.004"/>
  <system-out/>
</testsuite> <!-- mavendemo.Dependents -->
