<?xml version="1.0" encoding="UTF-8"?>
<testng-results ignored="0" total="3" passed="3" failed="0" skipped="0">
  <reporter-output>
  </reporter-output>
  <suite started-at="2024-06-02T01:41:30 EDT" name="Default suite" finished-at="2024-06-02T01:41:30 EDT" duration-ms="62">
    <groups>
    </groups>
    <test started-at="2024-06-02T01:41:30 EDT" name="Default test" finished-at="2024-06-02T01:41:30 EDT" duration-ms="62">
      <class name="mavendemo.Dependents">
        <test-method is-config="true" signature="beforesuite()[pri:0, instance:mavendemo.Dependents@3ce1e309]" started-at="2024-06-02T01:41:30 EDT" name="beforesuite" finished-at="2024-06-02T01:41:30 EDT" duration-ms="9" status="PASS">
          <reporter-output>
          </reporter-output>
        </test-method> <!-- beforesuite -->
        <test-method is-config="true" signature="beforetest()[pri:0, instance:mavendemo.Dependents@3ce1e309]" started-at="2024-06-02T01:41:30 EDT" name="beforetest" finished-at="2024-06-02T01:41:30 EDT" duration-ms="0" status="PASS">
          <reporter-output>
          </reporter-output>
        </test-method> <!-- beforetest -->
        <test-method is-config="true" signature="beforeclass()[pri:0, instance:mavendemo.Dependents@3ce1e309]" started-at="2024-06-02T01:41:30 EDT" name="beforeclass" finished-at="2024-06-02T01:41:30 EDT" duration-ms="0" status="PASS">
          <reporter-output>
          </reporter-output>
        </test-method> <!-- beforeclass -->
        <test-method is-config="true" signature="beforemethod()[pri:0, instance:mavendemo.Dependents@3ce1e309]" started-at="2024-06-02T01:41:30 EDT" name="beforemethod" finished-at="2024-06-02T01:41:30 EDT" duration-ms="1" status="PASS">
          <reporter-output>
          </reporter-output>
        </test-method> <!-- beforemethod -->
        <test-method signature="mymethodone()[pri:0, instance:mavendemo.Dependents@3ce1e309]" started-at="2024-06-02T01:41:30 EDT" name="mymethodone" finished-at="2024-06-02T01:41:30 EDT" duration-ms="7" status="PASS">
          <reporter-output>
          </reporter-output>
        </test-method> <!-- mymethodone -->
        <test-method is-config="true" signature="aftermethod()[pri:0, instance:mavendemo.Dependents@3ce1e309]" started-at="2024-06-02T01:41:30 EDT" name="aftermethod" finished-at="2024-06-02T01:41:30 EDT" duration-ms="0" status="PASS">
          <reporter-output>
          </reporter-output>
        </test-method> <!-- aftermethod -->
        <test-method signature="mymethodtwo()[pri:0, instance:mavendemo.Dependents@3ce1e309]" started-at="2024-06-02T01:41:30 EDT" name="mymethodtwo" finished-at="2024-06-02T01:41:30 EDT" duration-ms="2" status="PASS">
          <reporter-output>
          </reporter-output>
        </test-method> <!-- mymethodtwo -->
        <test-method is-config="true" signature="beforemethod()[pri:0, instance:mavendemo.Dependents@3ce1e309]" started-at="2024-06-02T01:41:30 EDT" name="beforemethod" finished-at="2024-06-02T01:41:30 EDT" duration-ms="0" status="PASS">
          <reporter-output>
          </reporter-output>
        </test-method> <!-- beforemethod -->
        <test-method is-config="true" signature="aftermethod()[pri:0, instance:mavendemo.Dependents@3ce1e309]" started-at="2024-06-02T01:41:30 EDT" name="aftermethod" finished-at="2024-06-02T01:41:30 EDT" duration-ms="1" status="PASS">
          <reporter-output>
          </reporter-output>
        </test-method> <!-- aftermethod -->
        <test-method is-config="true" signature="beforemethod()[pri:0, instance:mavendemo.Dependents@3ce1e309]" started-at="2024-06-02T01:41:30 EDT" name="beforemethod" finished-at="2024-06-02T01:41:30 EDT" duration-ms="0" status="PASS">
          <reporter-output>
          </reporter-output>
        </test-method> <!-- beforemethod -->
        <test-method signature="mymethodthree()[pri:0, instance:mavendemo.Dependents@3ce1e309]" started-at="2024-06-02T01:41:30 EDT" name="mymethodthree" finished-at="2024-06-02T01:41:30 EDT" depends-on-methods="mavendemo.Dependents.mymethodtwo, mavendemo.Dependents.mymethodone" duration-ms="1" status="PASS">
          <reporter-output>
          </reporter-output>
        </test-method> <!-- mymethodthree -->
        <test-method is-config="true" signature="aftermethod()[pri:0, instance:mavendemo.Dependents@3ce1e309]" started-at="2024-06-02T01:41:30 EDT" name="aftermethod" finished-at="2024-06-02T01:41:30 EDT" duration-ms="1" status="PASS">
          <reporter-output>
          </reporter-output>
        </test-method> <!-- aftermethod -->
        <test-method is-config="true" signature="afterclass()[pri:0, instance:mavendemo.Dependents@3ce1e309]" started-at="2024-06-02T01:41:30 EDT" name="afterclass" finished-at="2024-06-02T01:41:30 EDT" duration-ms="1" status="PASS">
          <reporter-output>
          </reporter-output>
        </test-method> <!-- afterclass -->
        <test-method is-config="true" signature="aftertest()[pri:0, instance:mavendemo.Dependents@3ce1e309]" started-at="2024-06-02T01:41:30 EDT" name="aftertest" finished-at="2024-06-02T01:41:30 EDT" duration-ms="0" status="PASS">
          <reporter-output>
          </reporter-output>
        </test-method> <!-- aftertest -->
        <test-method is-config="true" signature="aftersuite()[pri:0, instance:mavendemo.Dependents@3ce1e309]" started-at="2024-06-02T01:41:30 EDT" name="aftersuite" finished-at="2024-06-02T01:41:30 EDT" duration-ms="0" status="PASS">
          <reporter-output>
          </reporter-output>
        </test-method> <!-- aftersuite -->
      </class> <!-- mavendemo.Dependents -->
    </test> <!-- Default test -->
  </suite> <!-- Default suite -->
</testng-results>
