<?xml version="1.0" encoding="UTF-8"?>
<!-- Generated by org.testng.reporters.JUnitXMLReporter -->
<testsuite ignored="0" hostname="DESKTOP-NPGE3DT" failures="0" tests="3" name="Default test" time="0.062" errors="0" timestamp="2024-06-02T01:41:30 EDT">
  <testcase classname="mavendemo.Dependents" name="mymethodone" time="0.007"/>
  <testcase classname="mavendemo.Dependents" name="mymethodtwo" time="0.002"/>
  <testcase classname="mavendemo.Dependents" name="mymethodthree" time="0.001"/>
</testsuite> <!-- Default test -->
